{"contracts/BasicDutchAuction.sol":{"l":{"20":15,"21":15,"22":15,"23":15,"25":15,"26":15,"28":15,"29":15,"30":15,"36":2,"37":2,"38":1,"40":1,"47":18,"48":15,"49":1,"51":15,"52":14,"53":3,"54":3},"path":"/home/pavan/CrytoCourseProject/v1.0/contracts/BasicDutchAuction.sol","s":{"1":2,"2":2,"3":1,"4":1,"5":18,"6":15,"7":15,"8":14,"9":3},"b":{"1":[1,1],"2":[15,3],"3":[1,14],"4":[14,1],"5":[3,11]},"f":{"1":15,"2":2,"3":18},"fnMap":{"1":{"name":"constructor","line":15,"loc":{"start":{"line":15,"column":4},"end":{"line":31,"column":4}}},"2":{"name":"getCurrentPrice","line":35,"loc":{"start":{"line":35,"column":2},"end":{"line":42,"column":0}}},"3":{"name":"bid","line":46,"loc":{"start":{"line":46,"column":4},"end":{"line":57,"column":4}}}},"statementMap":{"1":{"start":{"line":36,"column":4},"end":{"line":36,"column":58}},"2":{"start":{"line":37,"column":4},"end":{"line":37,"column":1192}},"3":{"start":{"line":38,"column":8},"end":{"line":38,"column":27}},"4":{"start":{"line":40,"column":8},"end":{"line":40,"column":64}},"5":{"start":{"line":47,"column":8},"end":{"line":47,"column":58}},"6":{"start":{"line":48,"column":8},"end":{"line":48,"column":1466}},"7":{"start":{"line":51,"column":8},"end":{"line":51,"column":99}},"8":{"start":{"line":52,"column":8},"end":{"line":52,"column":146}},"9":{"start":{"line":53,"column":8},"end":{"line":53,"column":36}}},"branchMap":{"1":{"line":37,"type":"if","locations":[{"start":{"line":37,"column":4},"end":{"line":37,"column":4}},{"start":{"line":37,"column":4},"end":{"line":37,"column":4}}]},"2":{"line":47,"type":"if","locations":[{"start":{"line":47,"column":8},"end":{"line":47,"column":8}},{"start":{"line":47,"column":8},"end":{"line":47,"column":8}}]},"3":{"line":48,"type":"if","locations":[{"start":{"line":48,"column":8},"end":{"line":48,"column":8}},{"start":{"line":48,"column":8},"end":{"line":48,"column":8}}]},"4":{"line":51,"type":"if","locations":[{"start":{"line":51,"column":8},"end":{"line":51,"column":8}},{"start":{"line":51,"column":8},"end":{"line":51,"column":8}}]},"5":{"line":52,"type":"if","locations":[{"start":{"line":52,"column":8},"end":{"line":52,"column":8}},{"start":{"line":52,"column":8},"end":{"line":52,"column":8}}]}}},"contracts/Lock.sol":{"l":{"14":4,"19":3,"20":3,"27":5,"28":4,"30":3,"32":3},"path":"/home/pavan/CrytoCourseProject/v1.0/contracts/Lock.sol","s":{"1":4,"2":5,"3":4,"4":3,"5":3},"b":{"1":[3,1],"2":[4,1],"3":[3,1]},"f":{"1":4,"2":5},"fnMap":{"1":{"name":"constructor","line":13,"loc":{"start":{"line":13,"column":4},"end":{"line":21,"column":4}}},"2":{"name":"withdraw","line":23,"loc":{"start":{"line":23,"column":4},"end":{"line":33,"column":4}}}},"statementMap":{"1":{"start":{"line":14,"column":8},"end":{"line":14,"column":327}},"2":{"start":{"line":27,"column":8},"end":{"line":27,"column":71}},"3":{"start":{"line":28,"column":8},"end":{"line":28,"column":59}},"4":{"start":{"line":30,"column":8},"end":{"line":30,"column":63}},"5":{"start":{"line":32,"column":8},"end":{"line":32,"column":44}}},"branchMap":{"1":{"line":14,"type":"if","locations":[{"start":{"line":14,"column":8},"end":{"line":14,"column":8}},{"start":{"line":14,"column":8},"end":{"line":14,"column":8}}]},"2":{"line":27,"type":"if","locations":[{"start":{"line":27,"column":8},"end":{"line":27,"column":8}},{"start":{"line":27,"column":8},"end":{"line":27,"column":8}}]},"3":{"line":28,"type":"if","locations":[{"start":{"line":28,"column":8},"end":{"line":28,"column":8}},{"start":{"line":28,"column":8},"end":{"line":28,"column":8}}]}}}}