TN:
SF:/home/pavan/CrytoCourseProject/v1.0/contracts/BasicDutchAuction.sol
FN:15,constructor
FN:33,bid
FNF:2
FNH:2
FNDA:9,constructor
FNDA:5,bid
DA:20,9
DA:21,9
DA:22,9
DA:23,9
DA:25,9
DA:26,9
DA:28,9
DA:29,9
DA:30,9
DA:34,5
DA:35,3
DA:37,2
DA:38,2
LF:13
LH:13
BRDA:34,1,0,3
BRDA:34,1,1,2
BRDA:35,2,0,2
BRDA:35,2,1,1
BRF:4
BRH:4
end_of_record
TN:
SF:/home/pavan/CrytoCourseProject/v1.0/contracts/Lock.sol
FN:13,constructor
FN:23,withdraw
FNF:2
FNH:2
FNDA:4,constructor
FNDA:5,withdraw
DA:14,4
DA:19,3
DA:20,3
DA:27,5
DA:28,4
DA:30,3
DA:32,3
LF:7
LH:7
BRDA:14,1,0,3
BRDA:14,1,1,1
BRDA:27,2,0,4
BRDA:27,2,1,1
BRDA:28,3,0,3
BRDA:28,3,1,1
BRF:6
BRH:6
end_of_record
