TN:
SF:/home/pavan/CrytoCourseProject/v1.0/contracts/BasicDutchAuction.sol
FN:15,constructor
FN:35,getCurrentPrice
FN:46,bid
FNF:3
FNH:3
FNDA:15,constructor
FNDA:2,getCurrentPrice
FNDA:18,bid
DA:20,15
DA:21,15
DA:22,15
DA:23,15
DA:25,15
DA:26,15
DA:28,15
DA:29,15
DA:30,15
DA:36,2
DA:37,2
DA:38,1
DA:40,1
DA:47,18
DA:48,15
DA:49,1
DA:51,15
DA:52,14
DA:53,3
DA:54,3
LF:20
LH:20
BRDA:37,1,0,1
BRDA:37,1,1,1
BRDA:47,2,0,15
BRDA:47,2,1,3
BRDA:48,3,0,1
BRDA:48,3,1,14
BRDA:51,4,0,14
BRDA:51,4,1,1
BRDA:52,5,0,3
BRDA:52,5,1,11
BRF:10
BRH:10
end_of_record
TN:
SF:/home/pavan/CrytoCourseProject/v1.0/contracts/Lock.sol
FN:13,constructor
FN:23,withdraw
FNF:2
FNH:2
FNDA:4,constructor
FNDA:5,withdraw
DA:14,4
DA:19,3
DA:20,3
DA:27,5
DA:28,4
DA:30,3
DA:32,3
LF:7
LH:7
BRDA:14,1,0,3
BRDA:14,1,1,1
BRDA:27,2,0,4
BRDA:27,2,1,1
BRDA:28,3,0,3
BRDA:28,3,1,1
BRF:6
BRH:6
end_of_record
